Base path: 'C:/Program Files/Unity/Hub/Editor/2019.2.6f1/Editor/Data', plugins path 'C:/Program Files/Unity/Hub/Editor/2019.2.6f1/Editor/Data/PlaybackEngines'
Cmd: initializeCompiler
Cmd: preprocess
  insize=2341 outsize=482 ok=1
Cmd: preprocess
  insize=12327 outsize=7106 ok=1
Cmd: preprocess
  insize=10546 outsize=3335 ok=1
Cmd: preprocess
  insize=1459 outsize=461 ok=1
Cmd: preprocess
  insize=2348 outsize=632 ok=1
Cmd: preprocess
  insize=447 outsize=198 ok=1
Cmd: preprocess
  insize=616 outsize=175 ok=1
Cmd: preprocess
  insize=2910 outsize=493 ok=1
Cmd: preprocess
  insize=452 outsize=452 ok=1
Cmd: preprocess
  insize=8157 outsize=579 ok=1
Cmd: preprocess
  insize=9161 outsize=6007 ok=1
Cmd: preprocess
  insize=2231 outsize=646 ok=1
Cmd: preprocess
  insize=1700 outsize=220 ok=1
Cmd: preprocess
  insize=494 outsize=221 ok=1
Cmd: preprocess
  insize=420 outsize=128 ok=1
Cmd: preprocess
  insize=1683 outsize=1874 ok=1
Cmd: preprocess
  insize=3310 outsize=698 ok=1
Cmd: preprocess
  insize=1286 outsize=413 ok=1
Cmd: preprocess
  insize=5487 outsize=3741 ok=1
Cmd: preprocess
  insize=4306 outsize=4179 ok=1
Cmd: preprocess
  insize=3115 outsize=305 ok=1
Cmd: preprocess
  insize=3277 outsize=3655 ok=1
Cmd: preprocess
  insize=6536 outsize=3109 ok=1
Cmd: preprocess
  insize=822 outsize=177 ok=1
Cmd: preprocess
  insize=330 outsize=169 ok=1
Cmd: preprocess
  insize=2685 outsize=723 ok=1
Cmd: preprocess
  insize=8192 outsize=6997 ok=1
Cmd: preprocess
  insize=815 outsize=327 ok=1
Cmd: preprocess
  insize=248 outsize=116 ok=1
Cmd: preprocess
  insize=340 outsize=168 ok=1
Cmd: preprocess
  insize=340 outsize=168 ok=1
Cmd: preprocessCompute
  insize=2053 outsize=2059 ok=1
Cmd: preprocess
  insize=4416 outsize=4415 ok=1
Cmd: preprocess
  insize=338 outsize=167 ok=1
Cmd: preprocess
  insize=5307 outsize=1056 ok=1
Cmd: preprocess
  insize=1075 outsize=369 ok=1
Cmd: preprocess
  insize=4405 outsize=1085 ok=1
Cmd: preprocess
  insize=15607 outsize=9973 ok=1
Cmd: preprocess
  insize=6984 outsize=3808 ok=1
Cmd: preprocess
  insize=389 outsize=178 ok=1
Cmd: preprocess
  insize=5709 outsize=4895 ok=1
Cmd: preprocess
  insize=8231 outsize=3587 ok=1
Cmd: preprocess
  insize=518 outsize=208 ok=1
Cmd: preprocess
  insize=16454 outsize=13733 ok=1
Cmd: preprocess
  insize=9954 outsize=984 ok=1
Cmd: preprocess
  insize=6701 outsize=5707 ok=1
Cmd: preprocess
  insize=6490 outsize=5878 ok=1
Cmd: preprocess
  insize=9107 outsize=7077 ok=1
Cmd: preprocess
  insize=462 outsize=208 ok=1
Cmd: preprocess
  insize=9829 outsize=4451 ok=1
Cmd: preprocess
  insize=346 outsize=171 ok=1
Cmd: preprocess
  insize=340 outsize=168 ok=1
Cmd: preprocess
  insize=681 outsize=238 ok=1
Cmd: preprocess
  insize=11491 outsize=934 ok=1
Cmd: preprocess
  insize=447 outsize=197 ok=1
Cmd: preprocess
  insize=2756 outsize=3258 ok=1
Cmd: preprocess
  insize=1346 outsize=358 ok=1
Cmd: preprocess
  insize=381 outsize=132 ok=1
Cmd: preprocess
  insize=1602 outsize=2338 ok=1
Cmd: preprocess
  insize=6849 outsize=3818 ok=1
Cmd: preprocess
  insize=1521 outsize=219 ok=1
Cmd: preprocess
  insize=389 outsize=114 ok=1
Cmd: preprocess
  insize=338 outsize=167 ok=1
Cmd: preprocessCompute
  insize=1170 outsize=1176 ok=1
Cmd: preprocess
  insize=26775 outsize=21122 ok=1
Cmd: preprocessCompute
  insize=3064 outsize=3070 ok=1
Cmd: preprocessCompute
  insize=10871 outsize=10881 ok=1
Cmd: preprocess
  insize=1181 outsize=305 ok=1
Cmd: preprocess
  insize=539 outsize=228 ok=1
Cmd: preprocess
  insize=8515 outsize=5605 ok=1
Cmd: preprocess
  insize=8036 outsize=4759 ok=1
Cmd: preprocess
  insize=656 outsize=275 ok=1
Cmd: preprocess
  insize=12353 outsize=531 ok=1
Cmd: preprocess
  insize=1518 outsize=1819 ok=1
Cmd: preprocess
  insize=23646 outsize=16553 ok=1
Cmd: preprocess
  insize=340 outsize=168 ok=1
Cmd: preprocess
  insize=455 outsize=202 ok=1
Cmd: preprocess
  insize=19795 outsize=12302 ok=1
Cmd: preprocess
  insize=9432 outsize=6256 ok=1
Cmd: preprocess
  insize=425 outsize=192 ok=1
Cmd: preprocess
  insize=338 outsize=166 ok=1
Cmd: preprocess
  insize=1060 outsize=1390 ok=1
Cmd: preprocess
  insize=450 outsize=206 ok=1
Cmd: preprocess
  insize=15345 outsize=13280 ok=1
Cmd: preprocess
  insize=1802 outsize=304 ok=1
Cmd: preprocessCompute
  insize=4847 outsize=4855 ok=1
Cmd: preprocess
  insize=892 outsize=252 ok=1
Cmd: preprocess
  insize=447 outsize=202 ok=1
Cmd: preprocess
  insize=342 outsize=169 ok=1
Cmd: preprocess
  insize=13381 outsize=2646 ok=1
Cmd: preprocess
  insize=1097 outsize=958 ok=1
Cmd: preprocess
  insize=2091 outsize=585 ok=1
Cmd: preprocess
  insize=287 outsize=123 ok=1
Cmd: preprocess
  insize=555 outsize=123 ok=1
Cmd: preprocess
  insize=2476 outsize=831 ok=1
Cmd: preprocessCompute
  insize=3390 outsize=3396 ok=1
Cmd: preprocess
  insize=10655 outsize=7742 ok=1
Cmd: preprocess
  insize=340 outsize=168 ok=1
Cmd: preprocess
  insize=13543 outsize=10308 ok=1
Cmd: preprocess
  insize=15663 outsize=11742 ok=1
Cmd: preprocess
  insize=2036 outsize=853 ok=1
Cmd: preprocess
  insize=3096 outsize=1200 ok=1
Cmd: preprocess
  insize=4246 outsize=647 ok=1
Cmd: preprocess
  insize=6092 outsize=364 ok=1
Cmd: preprocess
  insize=9966 outsize=6084 ok=1
Cmd: preprocess
  insize=340 outsize=168 ok=1
Cmd: preprocess
  insize=339 outsize=167 ok=1
Cmd: preprocess
  insize=801 outsize=191 ok=1
Cmd: preprocess
  insize=342 outsize=169 ok=1
Cmd: preprocess
  insize=10823 outsize=7208 ok=1
Cmd: preprocess
  insize=1097 outsize=349 ok=1
Cmd: preprocess
  insize=452 outsize=206 ok=1
Cmd: preprocess
  insize=893 outsize=286 ok=1
Cmd: preprocess
  insize=637 outsize=126 ok=1
Cmd: preprocess
  insize=340 outsize=168 ok=1
Cmd: preprocess
  insize=5434 outsize=3394 ok=1
Cmd: preprocess
  insize=286 outsize=129 ok=1
Cmd: preprocess
  insize=344 outsize=178 ok=1
Cmd: preprocess
  insize=597 outsize=216 ok=1
Cmd: preprocess
  insize=564 outsize=243 ok=1
Cmd: preprocess
  insize=14462 outsize=7437 ok=1
Cmd: preprocess
  insize=3729 outsize=3888 ok=1
Cmd: preprocess
  insize=1656 outsize=351 ok=1
Cmd: preprocess
  insize=953 outsize=353 ok=1
Cmd: preprocess
  insize=2378 outsize=1060 ok=1
Cmd: preprocess
  insize=14058 outsize=8697 ok=1
Cmd: preprocess
  insize=1936 outsize=278 ok=1
Cmd: preprocess
  insize=1046 outsize=377 ok=1
Cmd: preprocessCompute
  insize=18277 outsize=18299 ok=1
Cmd: preprocess
  insize=6444 outsize=6182 ok=1
Cmd: preprocess
  insize=1802 outsize=550 ok=1
Cmd: preprocess
  insize=624 outsize=222 ok=1
Cmd: preprocess
  insize=4035 outsize=2571 ok=1
Cmd: preprocess
  insize=578 outsize=124 ok=1
Cmd: preprocess
  insize=13512 outsize=11599 ok=1
Cmd: preprocess
  insize=28639 outsize=19872 ok=1
Cmd: preprocess
  insize=338 outsize=167 ok=1
Cmd: preprocess
  insize=447 outsize=198 ok=1
Cmd: preprocess
  insize=476 outsize=210 ok=1
Cmd: preprocess
  insize=3209 outsize=790 ok=1
Cmd: preprocess
  insize=10597 outsize=6350 ok=1
Cmd: preprocess
  insize=3117 outsize=3329 ok=1
Cmd: preprocess
  insize=655 outsize=272 ok=1
Cmd: preprocess
  insize=10176 outsize=7711 ok=1
Cmd: preprocess
  insize=2339 outsize=988 ok=1
Cmd: preprocess
  insize=309 outsize=126 ok=1
Cmd: preprocess
  insize=397 outsize=127 ok=1
Cmd: preprocess
  insize=280 outsize=128 ok=1
Cmd: preprocess
  insize=6110 outsize=6252 ok=1
Cmd: preprocess
  insize=353 outsize=185 ok=1
Cmd: preprocess
  insize=11291 outsize=1688 ok=1
Cmd: preprocess
  insize=391 outsize=167 ok=1
Cmd: preprocessCompute
  insize=5431 outsize=5435 ok=1
Cmd: preprocess
  insize=1778 outsize=396 ok=1
Cmd: preprocess
  insize=930 outsize=245 ok=1
Cmd: preprocess
  insize=767 outsize=285 ok=1
Cmd: preprocess
  insize=6630 outsize=5080 ok=1
Cmd: preprocess
  insize=255 outsize=114 ok=1
Cmd: preprocess
  insize=458 outsize=125 ok=1
Cmd: preprocess
  insize=340 outsize=168 ok=1
Cmd: preprocess
  insize=32493 outsize=25447 ok=1
Cmd: preprocess
  insize=1019 outsize=311 ok=1
Cmd: preprocess
  insize=386 outsize=115 ok=1
Cmd: preprocess
  insize=333 outsize=167 ok=1
Cmd: preprocess
  insize=445 outsize=197 ok=1
Cmd: preprocess
  insize=6342 outsize=4764 ok=1
Cmd: preprocess
  insize=658 outsize=276 ok=1
Cmd: preprocess
  insize=817 outsize=125 ok=1
Cmd: preprocess
  insize=4875 outsize=4664 ok=1
Cmd: preprocess
  insize=4695 outsize=4198 ok=1
Cmd: preprocess
  insize=373 outsize=181 ok=1
Cmd: preprocess
  insize=447 outsize=199 ok=1
Cmd: preprocess
  insize=7160 outsize=397 ok=1
Cmd: preprocess
  insize=2494 outsize=584 ok=1
Cmd: preprocess
  insize=340 outsize=168 ok=1
Cmd: preprocess
  insize=653 outsize=272 ok=1
Cmd: preprocess
  insize=6308 outsize=4757 ok=1
Cmd: preprocess
  insize=2404 outsize=1061 ok=1
Cmd: preprocess
  insize=405 outsize=185 ok=1
Cmd: preprocess
  insize=344 outsize=170 ok=1
Cmd: preprocess
  insize=4194 outsize=4414 ok=1
Cmd: preprocess
  insize=4705 outsize=4904 ok=1
Cmd: preprocess
  insize=416 outsize=203 ok=1
Cmd: preprocess
  insize=4428 outsize=320 ok=1
Cmd: preprocess
  insize=1605 outsize=2341 ok=1
Cmd: preprocess
  insize=389 outsize=190 ok=1
Cmd: preprocess
  insize=2604 outsize=593 ok=1
Cmd: preprocess
  insize=3894 outsize=1011 ok=1
Cmd: preprocess
  insize=402 outsize=190 ok=1
Cmd: preprocess
  insize=12504 outsize=2525 ok=1
Cmd: preprocess
  insize=17695 outsize=16273 ok=1
Cmd: preprocess
  insize=584 outsize=223 ok=1
Cmd: preprocess
  insize=32881 outsize=21847 ok=1
Cmd: preprocessCompute
  insize=3066 outsize=3072 ok=1
Cmd: preprocess
  insize=4677 outsize=3779 ok=1
Cmd: preprocess
  insize=832 outsize=223 ok=1
Cmd: preprocess
  insize=2335 outsize=285 ok=1
Cmd: preprocess
  insize=451 outsize=207 ok=1
Cmd: preprocess
  insize=402 outsize=175 ok=1
Cmd: preprocess
  insize=18505 outsize=15427 ok=1
Cmd: preprocess
  insize=17753 outsize=15014 ok=1
Cmd: preprocess
  insize=315 outsize=130 ok=1
Cmd: preprocessCompute
  insize=1800 outsize=1806 ok=1
Cmd: preprocess
  insize=6481 outsize=6179 ok=1
Cmd: preprocess
  insize=567 outsize=242 ok=1
Cmd: preprocess
  insize=9136 outsize=5746 ok=1
Cmd: preprocess
  insize=2776 outsize=1173 ok=1
Cmd: preprocess
  insize=11702 outsize=10520 ok=1
Cmd: preprocess
  insize=659 outsize=277 ok=1
Cmd: preprocess
  insize=915 outsize=284 ok=1
Cmd: preprocess
  insize=1637 outsize=638 ok=1
Cmd: preprocess
  insize=18277 outsize=14227 ok=1
Cmd: preprocess
  insize=414 outsize=118 ok=1
Cmd: preprocess
  insize=1966 outsize=588 ok=1
Cmd: preprocess
  insize=342 outsize=169 ok=1
Cmd: preprocess
  insize=1360 outsize=473 ok=1
Cmd: preprocess
  insize=4061 outsize=4220 ok=1
Cmd: preprocess
  insize=1605 outsize=2341 ok=1
Cmd: preprocess
  insize=550 outsize=249 ok=1
Cmd: preprocess
  insize=338 outsize=167 ok=1
Cmd: preprocess
  insize=1853 outsize=2892 ok=1
Cmd: preprocess
  insize=373 outsize=181 ok=1
Cmd: preprocess
  insize=6321 outsize=5993 ok=1
Cmd: preprocess
  insize=398 outsize=174 ok=1
Cmd: preprocess
  insize=8187 outsize=6692 ok=1
Cmd: preprocess
  insize=348 outsize=171 ok=1
Cmd: preprocess
  insize=1251 outsize=408 ok=1
Cmd: preprocess
  insize=389 outsize=123 ok=1
Cmd: preprocess
  insize=1504 outsize=234 ok=1
Cmd: preprocess
  insize=1606 outsize=221 ok=1
Cmd: preprocess
  insize=16448 outsize=13856 ok=1
Cmd: preprocess
  insize=360 outsize=190 ok=1
Cmd: preprocess
  insize=559 outsize=237 ok=1
Cmd: preprocess
  insize=11443 outsize=7122 ok=1
Cmd: preprocess
  insize=276 outsize=123 ok=1
Cmd: preprocess
  insize=336 outsize=170 ok=1
Cmd: preprocess
  insize=4820 outsize=4621 ok=1
Cmd: preprocess
  insize=337 outsize=168 ok=1
Cmd: preprocess
  insize=3571 outsize=223 ok=1
Cmd: preprocess
  insize=13338 outsize=8751 ok=1
Cmd: preprocess
  insize=2492 outsize=254 ok=1
Cmd: preprocess
  insize=338 outsize=167 ok=1
Cmd: preprocess
  insize=4506 outsize=3246 ok=1
Cmd: preprocess
  insize=377 outsize=179 ok=1
Cmd: preprocess
  insize=15204 outsize=11113 ok=1
Cmd: preprocess
  insize=7529 outsize=6846 ok=1
Cmd: preprocess
  insize=1035 outsize=175 ok=1
Cmd: preprocess
  insize=4861 outsize=4698 ok=1
Cmd: preprocess
  insize=570 outsize=164 ok=1
Cmd: preprocess
  insize=6542 outsize=6204 ok=1
Cmd: preprocess
  insize=11969 outsize=996 ok=1
Cmd: preprocess
  insize=5062 outsize=4121 ok=1
Cmd: preprocess
  insize=5900 outsize=751 ok=1
Cmd: preprocess
  insize=338 outsize=167 ok=1
Cmd: preprocess
  insize=541 outsize=204 ok=1
Cmd: preprocess
  insize=336 outsize=170 ok=1
Cmd: preprocess
  insize=481 outsize=204 ok=1
Cmd: preprocess
  insize=292 outsize=113 ok=1
Cmd: preprocess
  insize=2320 outsize=946 ok=1
Cmd: preprocess
  insize=1521 outsize=496 ok=1
Cmd: preprocess
  insize=6257 outsize=1253 ok=1
Cmd: preprocess
  insize=391 outsize=179 ok=1
Cmd: preprocess
  insize=13139 outsize=9258 ok=1
Cmd: preprocess
  insize=396 outsize=178 ok=1
Cmd: preprocess
  insize=4395 outsize=4530 ok=1
Cmd: preprocess
  insize=3272 outsize=3650 ok=1
Cmd: preprocess
  insize=342 outsize=169 ok=1
Cmd: preprocess
  insize=2824 outsize=3269 ok=1
Cmd: preprocess
  insize=342 outsize=168 ok=1
Cmd: preprocess
  insize=2104 outsize=353 ok=1
Cmd: preprocess
  insize=406 outsize=130 ok=1
Cmd: preprocess
  insize=689 outsize=222 ok=1
Cmd: preprocess
  insize=254 outsize=121 ok=1
Cmd: preprocess
  insize=6852 outsize=6779 ok=1
Cmd: preprocess
  insize=7882 outsize=4707 ok=1
Cmd: preprocess
  insize=19109 outsize=14192 ok=1
Cmd: preprocess
  insize=2378 outsize=1054 ok=1
Cmd: preprocess
  insize=7052 outsize=540 ok=1
Cmd: preprocess
  insize=338 outsize=167 ok=1
Cmd: preprocess
  insize=1133 outsize=389 ok=1
Cmd: preprocess
  insize=340 outsize=168 ok=1
Cmd: preprocess
  insize=3207 outsize=1205 ok=1
Cmd: preprocess
  insize=340 outsize=168 ok=1
Cmd: preprocess
  insize=49187 outsize=23315 ok=1
Cmd: preprocess
  insize=346 outsize=170 ok=1
Cmd: preprocess
  insize=9057 outsize=5381 ok=1
Cmd: preprocess
  insize=449 outsize=200 ok=1
Cmd: preprocess
  insize=6564 outsize=5001 ok=1
Cmd: preprocess
  insize=2919 outsize=397 ok=1
Cmd: preprocess
  insize=3070 outsize=1373 ok=1
Cmd: preprocess
  insize=614 outsize=258 ok=1
Cmd: preprocess
  insize=8508 outsize=5400 ok=1
Cmd: preprocess
  insize=1371 outsize=372 ok=1
Cmd: preprocess
  insize=6415 outsize=3689 ok=1
Cmd: preprocess
  insize=350 outsize=182 ok=1
Cmd: preprocess
  insize=346 outsize=169 ok=1
Cmd: preprocess
  insize=11196 outsize=10612 ok=1
Cmd: preprocess
  insize=512 outsize=179 ok=1
Cmd: preprocess
  insize=3632 outsize=364 ok=1
Cmd: preprocess
  insize=9536 outsize=8857 ok=1
Cmd: preprocess
  insize=6746 outsize=1124 ok=1
Cmd: preprocessCompute
  insize=1448 outsize=1454 ok=1
Cmd: preprocess
  insize=833 outsize=245 ok=1
Cmd: preprocess
  insize=687 outsize=243 ok=1
Cmd: preprocess
  insize=14440 outsize=8248 ok=1
Cmd: preprocess
  insize=393 outsize=118 ok=1
Cmd: preprocessCompute
  insize=2038 outsize=2044 ok=1
Cmd: preprocess
  insize=17795 outsize=12022 ok=1
Cmd: preprocess
  insize=1271 outsize=378 ok=1
Cmd: preprocess
  insize=342 outsize=176 ok=1
Cmd: preprocess
  insize=402 outsize=175 ok=1
Cmd: preprocess
  insize=2270 outsize=638 ok=1
Cmd: preprocess
  insize=5185 outsize=573 ok=1
Cmd: preprocess
  insize=8847 outsize=7954 ok=1
Cmd: preprocess
  insize=420 outsize=192 ok=1
Cmd: preprocess
  insize=668 outsize=216 ok=1
Cmd: preprocess
  insize=1730 outsize=548 ok=1
Cmd: preprocess
  insize=3272 outsize=3650 ok=1
Cmd: preprocess
  insize=14156 outsize=10156 ok=1
Cmd: preprocess
  insize=339 outsize=173 ok=1
Cmd: preprocess
  insize=8754 outsize=8759 ok=1
Cmd: preprocess
  insize=3845 outsize=4229 ok=1
Cmd: preprocess
  insize=525 outsize=210 ok=1
Cmd: preprocess
  insize=662 outsize=280 ok=1
Cmd: preprocess
  insize=580 outsize=128 ok=1
Cmd: preprocess
  insize=15554 outsize=10032 ok=1
Cmd: preprocess
  insize=956 outsize=343 ok=1
Cmd: preprocess
  insize=390 outsize=180 ok=1
Cmd: preprocess
  insize=4766 outsize=689 ok=1
Cmd: preprocess
  insize=2609 outsize=220 ok=1
Cmd: preprocess
  insize=15604 outsize=9701 ok=1
Cmd: preprocess
  insize=1979 outsize=735 ok=1
Cmd: preprocess
  insize=332 outsize=166 ok=1
Cmd: preprocess
  insize=656 outsize=219 ok=1
Cmd: preprocess
  insize=842 outsize=256 ok=1
Cmd: preprocess
  insize=463 outsize=213 ok=1
Cmd: preprocess
  insize=8851 outsize=7727 ok=1
Cmd: preprocess
  insize=262 outsize=118 ok=1
Cmd: preprocess
  insize=386 outsize=181 ok=1
Cmd: preprocess
  insize=1344 outsize=291 ok=1
